<?xml version="1.0" encoding="UTF-8"?>
<testng-results ignored="0" total="2" passed="1" failed="1" skipped="0">
  <reporter-output>
  </reporter-output>
  <suite started-at="2026-06-18T23:20:18 IST" name="Master Suite" finished-at="2026-06-18T23:20:41 IST" duration-ms="22946">
    <groups>
      <group name="Master">
        <method signature="TC01_Registration.verifyAccountregistration()[pri:0, instance:testCases.TC01_Registration@1c93084c]" name="verifyAccountregistration" class="testCases.TC01_Registration"/>
        <method signature="TC02_Login.verifyAccountLogin()[pri:0, instance:testCases.TC02_Login@bef2d72]" name="verifyAccountLogin" class="testCases.TC02_Login"/>
      </group> <!-- Master -->
      <group name="Sanity">
        <method signature="TC01_Registration.verifyAccountregistration()[pri:0, instance:testCases.TC01_Registration@1c93084c]" name="verifyAccountregistration" class="testCases.TC01_Registration"/>
        <method signature="TC02_Login.verifyAccountLogin()[pri:0, instance:testCases.TC02_Login@bef2d72]" name="verifyAccountLogin" class="testCases.TC02_Login"/>
      </group> <!-- Sanity -->
      <group name="Regression">
        <method signature="TC01_Registration.verifyAccountregistration()[pri:0, instance:testCases.TC01_Registration@1c93084c]" name="verifyAccountregistration" class="testCases.TC01_Registration"/>
        <method signature="TC02_Login.verifyAccountLogin()[pri:0, instance:testCases.TC02_Login@bef2d72]" name="verifyAccountLogin" class="testCases.TC02_Login"/>
      </group> <!-- Regression -->
    </groups>
    <test started-at="2026-06-18T23:20:18 IST" name="C:/Users/Danns/IdeaProjects/JS_HybridFramework/src/test/java/testCases/TC01_Registration.java" finished-at="2026-06-18T23:20:41 IST" duration-ms="22946">
      <class name="testCases.TC02_Login">
        <test-method is-config="true" signature="setup(java.lang.String,java.lang.String)[pri:0, instance:testCases.TC02_Login@bef2d72]" started-at="2026-06-18T23:20:27 IST" name="setup" finished-at="2026-06-18T23:20:29 IST" duration-ms="1807" status="PASS">
          <params>
            <param index="0">
              <value>
                <![CDATA[Windows]]>
              </value>
            </param>
            <param index="1">
              <value>
                <![CDATA[chrome]]>
              </value>
            </param>
          </params>
          <reporter-output>
          </reporter-output>
        </test-method> <!-- setup -->
        <test-method signature="verifyAccountLogin()[pri:0, instance:testCases.TC02_Login@bef2d72]" started-at="2026-06-18T23:20:29 IST" name="verifyAccountLogin" finished-at="2026-06-18T23:20:40 IST" duration-ms="11481" status="FAIL">
          <exception class="java.lang.AssertionError">
            <message>
              <![CDATA[expected [true] but found [false]]]>
            </message>
            <full-stacktrace>
              <![CDATA[java.lang.AssertionError: expected [true] but found [false]
at org.testng.Assert.fail(Assert.java:111)
at org.testng.Assert.failNotEquals(Assert.java:1590)
at org.testng.Assert.assertTrue(Assert.java:57)
at org.testng.Assert.assertTrue(Assert.java:67)
at testCases.TC02_Login.verifyAccountLogin(TC02_Login.java:22)
at java.base/jdk.internal.reflect.DirectMethodHandleAccessor.invoke(DirectMethodHandleAccessor.java:103)
at java.base/java.lang.reflect.Method.invoke(Method.java:580)
at org.testng.internal.invokers.MethodInvocationHelper.invokeMethod(MethodInvocationHelper.java:141)
at org.testng.internal.invokers.TestInvoker.invokeMethod(TestInvoker.java:687)
at org.testng.internal.invokers.TestInvoker.invokeTestMethod(TestInvoker.java:230)
at org.testng.internal.invokers.MethodRunner.runInSequence(MethodRunner.java:63)
at org.testng.internal.invokers.TestInvoker$MethodInvocationAgent.invoke(TestInvoker.java:995)
at org.testng.internal.invokers.TestInvoker.invokeTestMethods(TestInvoker.java:203)
at org.testng.internal.invokers.TestMethodWorker.invokeTestMethods(TestMethodWorker.java:154)
at org.testng.internal.invokers.TestMethodWorker.run(TestMethodWorker.java:134)
at java.base/java.util.ArrayList.forEach(ArrayList.java:1597)
at org.testng.TestRunner.privateRun(TestRunner.java:741)
at org.testng.TestRunner.run(TestRunner.java:616)
at org.testng.SuiteRunner.runTest(SuiteRunner.java:421)
at org.testng.SuiteRunner.runSequentially(SuiteRunner.java:413)
at org.testng.SuiteRunner.privateRun(SuiteRunner.java:373)
at org.testng.SuiteRunner.run(SuiteRunner.java:312)
at org.testng.SuiteRunnerWorker.runSuite(SuiteRunnerWorker.java:52)
at org.testng.SuiteRunnerWorker.run(SuiteRunnerWorker.java:95)
at org.testng.TestNG.runSuitesSequentially(TestNG.java:1274)
at org.testng.TestNG.runSuitesLocally(TestNG.java:1208)
at org.testng.TestNG.runSuites(TestNG.java:1112)
at org.testng.TestNG.run(TestNG.java:1079)
at com.intellij.rt.testng.IDEARemoteTestNG.run(IDEARemoteTestNG.java:65)
at com.intellij.rt.testng.RemoteTestNGStarter.main(RemoteTestNGStarter.java:105)
]]>
            </full-stacktrace>
          </exception> <!-- java.lang.AssertionError -->
          <reporter-output>
          </reporter-output>
        </test-method> <!-- verifyAccountLogin -->
        <test-method is-config="true" signature="teardown()[pri:0, instance:testCases.TC02_Login@bef2d72]" started-at="2026-06-18T23:20:41 IST" name="teardown" finished-at="2026-06-18T23:20:41 IST" duration-ms="334" status="PASS">
          <reporter-output>
          </reporter-output>
        </test-method> <!-- teardown -->
      </class> <!-- testCases.TC02_Login -->
      <class name="testCases.TC01_Registration">
        <test-method is-config="true" signature="setup(java.lang.String,java.lang.String)[pri:0, instance:testCases.TC01_Registration@1c93084c]" started-at="2026-06-18T23:20:18 IST" name="setup" finished-at="2026-06-18T23:20:23 IST" duration-ms="4414" status="PASS">
          <params>
            <param index="0">
              <value>
                <![CDATA[Windows]]>
              </value>
            </param>
            <param index="1">
              <value>
                <![CDATA[chrome]]>
              </value>
            </param>
          </params>
          <reporter-output>
          </reporter-output>
        </test-method> <!-- setup -->
        <test-method signature="verifyAccountregistration()[pri:0, instance:testCases.TC01_Registration@1c93084c]" started-at="2026-06-18T23:20:23 IST" name="verifyAccountregistration" finished-at="2026-06-18T23:20:27 IST" duration-ms="4044" status="PASS">
          <reporter-output>
          </reporter-output>
        </test-method> <!-- verifyAccountregistration -->
        <test-method is-config="true" signature="teardown()[pri:0, instance:testCases.TC01_Registration@1c93084c]" started-at="2026-06-18T23:20:27 IST" name="teardown" finished-at="2026-06-18T23:20:27 IST" duration-ms="286" status="PASS">
          <reporter-output>
          </reporter-output>
        </test-method> <!-- teardown -->
      </class> <!-- testCases.TC01_Registration -->
    </test> <!-- C:/Users/Danns/IdeaProjects/JS_HybridFramework/src/test/java/testCases/TC01_Registration.java -->
  </suite> <!-- Master Suite -->
</testng-results>
