<?xml version="1.0" encoding="UTF-8"?>
<testng-results ignored="1" total="3" passed="2" failed="0" skipped="0">
  <reporter-output>
  </reporter-output>
  <suite started-at="2026-07-17T16:02:04 IST" name="Master Suite" finished-at="2026-07-17T16:02:13 IST" duration-ms="8928">
    <groups>
      <group name="Master">
        <method signature="TC01_Registration.verifyAccountregistration()[pri:0, instance:testCases.TC01_Registration@179ece50]" name="verifyAccountregistration" class="testCases.TC01_Registration"/>
        <method signature="TC02_Login.verifyAccountLogin()[pri:0, instance:testCases.TC02_Login@4b2bac3f]" name="verifyAccountLogin" class="testCases.TC02_Login"/>
      </group> <!-- Master -->
      <group name="Sanity">
        <method signature="TC01_Registration.verifyAccountregistration()[pri:0, instance:testCases.TC01_Registration@179ece50]" name="verifyAccountregistration" class="testCases.TC01_Registration"/>
        <method signature="TC02_Login.verifyAccountLogin()[pri:0, instance:testCases.TC02_Login@4b2bac3f]" name="verifyAccountLogin" class="testCases.TC02_Login"/>
      </group> <!-- Sanity -->
      <group name="Regression">
        <method signature="TC01_Registration.verifyAccountregistration()[pri:0, instance:testCases.TC01_Registration@179ece50]" name="verifyAccountregistration" class="testCases.TC01_Registration"/>
        <method signature="TC02_Login.verifyAccountLogin()[pri:0, instance:testCases.TC02_Login@4b2bac3f]" name="verifyAccountLogin" class="testCases.TC02_Login"/>
      </group> <!-- Regression -->
    </groups>
    <test started-at="2026-07-17T16:02:04 IST" name="C:/Users/Danns/IdeaProjects/JS_HybridFramework/src/test/java/testCases/TC01_Registration.java" finished-at="2026-07-17T16:02:13 IST" duration-ms="8928">
      <class name="testCases.TC02_Login">
        <test-method is-config="true" signature="setup(java.lang.String,java.lang.String)[pri:0, instance:testCases.TC02_Login@4b2bac3f]" started-at="2026-07-17T16:02:09 IST" name="setup" finished-at="2026-07-17T16:02:11 IST" duration-ms="1600" status="PASS">
          <params>
            <param index="0">
              <value>
                <![CDATA[Windows]]>
              </value>
            </param>
            <param index="1">
              <value>
                <![CDATA[chrome]]>
              </value>
            </param>
          </params>
          <reporter-output>
          </reporter-output>
        </test-method> <!-- setup -->
        <test-method signature="verifyAccountLogin()[pri:0, instance:testCases.TC02_Login@4b2bac3f]" started-at="2026-07-17T16:02:11 IST" name="verifyAccountLogin" finished-at="2026-07-17T16:02:12 IST" duration-ms="1760" status="PASS">
          <reporter-output>
          </reporter-output>
        </test-method> <!-- verifyAccountLogin -->
        <test-method is-config="true" signature="teardown()[pri:0, instance:testCases.TC02_Login@4b2bac3f]" started-at="2026-07-17T16:02:12 IST" name="teardown" finished-at="2026-07-17T16:02:13 IST" duration-ms="185" status="PASS">
          <reporter-output>
          </reporter-output>
        </test-method> <!-- teardown -->
      </class> <!-- testCases.TC02_Login -->
      <class name="testCases.TC01_Registration">
        <test-method is-config="true" signature="setup(java.lang.String,java.lang.String)[pri:0, instance:testCases.TC01_Registration@179ece50]" started-at="2026-07-17T16:02:04 IST" name="setup" finished-at="2026-07-17T16:02:07 IST" duration-ms="2899" status="PASS">
          <params>
            <param index="0">
              <value>
                <![CDATA[Windows]]>
              </value>
            </param>
            <param index="1">
              <value>
                <![CDATA[chrome]]>
              </value>
            </param>
          </params>
          <reporter-output>
          </reporter-output>
        </test-method> <!-- setup -->
        <test-method signature="verifyAccountregistration()[pri:0, instance:testCases.TC01_Registration@179ece50]" started-at="2026-07-17T16:02:07 IST" name="verifyAccountregistration" finished-at="2026-07-17T16:02:09 IST" duration-ms="1923" status="PASS">
          <reporter-output>
          </reporter-output>
        </test-method> <!-- verifyAccountregistration -->
        <test-method is-config="true" signature="teardown()[pri:0, instance:testCases.TC01_Registration@179ece50]" started-at="2026-07-17T16:02:09 IST" name="teardown" finished-at="2026-07-17T16:02:09 IST" duration-ms="196" status="PASS">
          <reporter-output>
          </reporter-output>
        </test-method> <!-- teardown -->
      </class> <!-- testCases.TC01_Registration -->
    </test> <!-- C:/Users/Danns/IdeaProjects/JS_HybridFramework/src/test/java/testCases/TC01_Registration.java -->
  </suite> <!-- Master Suite -->
</testng-results>
